<?xml version="1.0" encoding="UTF-8"?>
<!-- Generated by org.testng.reporters.JUnitReportReporter -->
<testsuite hostname="LAPTOP-DUIBVCQL" failures="0" tests="1" name="DropDownHandle" time="10.263" errors="0" timestamp="2025-08-20T23:19:01 IST" skipped="0">
  <testcase classname="DropDownHandle" name="selectOption" time="10.263"/>
</testsuite> <!-- DropDownHandle -->
