<?xml version="1.0" encoding="UTF-8"?>
<!-- Generated by org.testng.reporters.JUnitReportReporter -->
<testsuite hostname="LAPTOP-DUIBVCQL" failures="0" tests="1" name="tests.BjsWeb" time="51.350" errors="0" timestamp="2025-08-25T02:43:29 IST" skipped="0">
  <testcase classname="tests.BjsWeb" name="BjsWebSite" time="51.350"/>
</testsuite> <!-- tests.BjsWeb -->
