<?xml version="1.0" encoding="UTF-8"?>
<!-- Generated by org.testng.reporters.JUnitReportReporter -->
<testsuite hostname="LAPTOP-DUIBVCQL" failures="0" tests="1" name="tests.GoogleScreen" time="9.179" errors="0" timestamp="2025-08-25T02:21:58 IST" skipped="0">
  <testcase classname="tests.GoogleScreen" name="Test2" time="9.179"/>
</testsuite> <!-- tests.GoogleScreen -->
