<?xml version="1.0" encoding="UTF-8"?>
<!-- Generated by org.testng.reporters.JUnitReportReporter -->
<testsuite hostname="LAPTOP-DUIBVCQL" failures="0" tests="1" name="tests.LoginTest" time="5.856" errors="0" timestamp="2025-08-25T13:17:45 IST" skipped="0">
  <testcase classname="tests.LoginTest" name="loginTest" time="5.856"/>
</testsuite> <!-- tests.LoginTest -->
