<?xml version="1.0" encoding="UTF-8"?>
<!-- Generated by org.testng.reporters.JUnitReportReporter -->
<testsuite hostname="LAPTOP-DUIBVCQL" failures="0" tests="1" name="selenium.tests" time="10.751" errors="0" timestamp="2025-08-16T02:16:52 IST" skipped="0">
  <testcase classname="selenium.tests" name="case1" time="10.751"/>
</testsuite> <!-- selenium.tests -->
