<?xml version="1.0" encoding="UTF-8"?>
<!-- Generated by org.testng.reporters.JUnitReportReporter -->
<testsuite hostname="LAPTOP-DUIBVCQL" failures="0" tests="1" name="pages.DynamicWebTablesHandle" time="11.552" errors="0" timestamp="2025-08-25T19:51:46 IST" skipped="0">
  <testcase classname="pages.DynamicWebTablesHandle" name="staticWebElement" time="11.552"/>
</testsuite> <!-- pages.DynamicWebTablesHandle -->
