<?xml version="1.0" encoding="UTF-8"?>
<!-- Generated by org.testng.reporters.JUnitReportReporter -->
<testsuite hostname="LAPTOP-DUIBVCQL" failures="0" tests="1" name="tests.BjsWebTest" time="24.524" errors="0" timestamp="2025-08-25T12:49:33 IST" skipped="0">
  <testcase classname="tests.BjsWebTest" name="BjsWebSite" time="24.524"/>
</testsuite> <!-- tests.BjsWebTest -->
