<?xml version="1.0" encoding="UTF-8"?>
<!-- Generated by org.testng.reporters.JUnitReportReporter -->
<testsuite hostname="LAPTOP-DUIBVCQL" failures="0" tests="1" name="selenium.Frames" time="31.117" errors="0" timestamp="2025-08-16T23:59:16 IST" skipped="0">
  <testcase classname="selenium.Frames" name="test3" time="31.117"/>
</testsuite> <!-- selenium.Frames -->
