<?xml version="1.0" encoding="UTF-8"?>
<!-- Generated by org.testng.reporters.JUnitReportReporter -->
<testsuite hostname="LAPTOP-DUIBVCQL" failures="0" tests="1" name="tests.BjsWebTest" time="47.746" errors="0" timestamp="2025-08-25T15:54:30 IST" skipped="0">
  <testcase classname="tests.BjsWebTest" name="BjsWebSite" time="47.746"/>
</testsuite> <!-- tests.BjsWebTest -->
